<?xml version="1.0" encoding="UTF-8"?>
<testng-results skipped="0" failed="0" ignored="0" total="1" passed="1">
  <reporter-output>
  </reporter-output>
  <suite name="Default suite" duration-ms="26712" started-at="2020-02-29T14:05:47 IST" finished-at="2020-02-29T14:06:14 IST">
    <groups>
    </groups>
    <test name="Default test" duration-ms="26712" started-at="2020-02-29T14:05:47 IST" finished-at="2020-02-29T14:06:14 IST">
      <class name="myntra_rosmariya_testcases.add_product_cart">
        <test-method status="PASS" signature="setup()[pri:0, instance:myntra_rosmariya_testcases.add_product_cart@7d0587f1]" name="setup" is-config="true" duration-ms="2892" started-at="2020-02-29T14:05:47 IST" finished-at="2020-02-29T14:05:50 IST">
          <reporter-output>
          </reporter-output>
        </test-method> <!-- setup -->
        <test-method status="PASS" signature="addtocart()[pri:0, instance:myntra_rosmariya_testcases.add_product_cart@7d0587f1]" name="addtocart" duration-ms="23753" started-at="2020-02-29T14:05:50 IST" finished-at="2020-02-29T14:06:14 IST">
          <reporter-output>
          </reporter-output>
        </test-method> <!-- addtocart -->
      </class> <!-- myntra_rosmariya_testcases.add_product_cart -->
    </test> <!-- Default test -->
  </suite> <!-- Default suite -->
</testng-results>
